<?xml version="1.0" encoding="UTF-8"?>
<!-- Generated by org.testng.reporters.JUnitReportReporter -->
<testsuite hostname="D7341" name="JenkinsDemoTest" tests="2" failures="0" timestamp="3 Jul 2018 08:58:43 GMT" time="102.019" errors="0">
  <testcase name="login" time="52.946" classname="JenkinsDemoTest"/>
  <testcase name="login" time="49.073" classname="JenkinsDemoTest"/>
</testsuite> <!-- JenkinsDemoTest -->
